/*C23*/SET SCHEMA PUBLIC
CREATE TABLE IF NOT EXISTS users (id CHAR(36) PRIMARY KEY, username VARCHAR(255) NOT NULL, password VARCHAR(255) NOT NULL)
CREATE TABLE IF NOT EXISTS notes (id CHAR(36) PRIMARY KEY, name VARCHAR(255) NOT NULL, creation_date TIMESTAMP DEFAULT CURRENT_TIMESTAMP, last_updated_date TIMESTAMP DEFAULT CURRENT_TIMESTAMP, content VARCHAR(65535))
DISCONNECT
/*C24*/SET SCHEMA PUBLIC
DISCONNECT
/*C25*/SET SCHEMA PUBLIC
DISCONNECT
/*C26*/SET SCHEMA PUBLIC
INSERT INTO USERS VALUES('286877cf-4667-4c6e-b138-dda6ece7a82c','JISOO','EZpassword')
COMMIT
DISCONNECT
/*C27*/SET SCHEMA PUBLIC
CREATE TABLE IF NOT EXISTS users (id CHAR(36) PRIMARY KEY, username VARCHAR(255) NOT NULL, password VARCHAR(255) NOT NULL)
CREATE TABLE IF NOT EXISTS notes (id CHAR(36) PRIMARY KEY, name VARCHAR(255) NOT NULL, creation_date TIMESTAMP DEFAULT CURRENT_TIMESTAMP, last_updated_date TIMESTAMP DEFAULT CURRENT_TIMESTAMP, content VARCHAR(65535))
DISCONNECT
/*C28*/SET SCHEMA PUBLIC
DELETE FROM USERS WHERE ID='286877cf-4667-4c6e-b138-dda6ece7a82c'
COMMIT
DISCONNECT
/*C29*/SET SCHEMA PUBLIC
DISCONNECT
/*C30*/SET SCHEMA PUBLIC
INSERT INTO USERS VALUES('8cc1e758-25ee-464a-a72a-f36d0c28610b','JISOO','EZpassword')
COMMIT
DISCONNECT
/*C31*/SET SCHEMA PUBLIC
DELETE FROM USERS WHERE ID='8cc1e758-25ee-464a-a72a-f36d0c28610b'
INSERT INTO USERS VALUES('8cc1e758-25ee-464a-a72a-f36d0c28610b','JISOO','newpassword456')
COMMIT
DISCONNECT
/*C32*/SET SCHEMA PUBLIC
DISCONNECT
/*C33*/SET SCHEMA PUBLIC
CREATE TABLE IF NOT EXISTS users (id CHAR(36) PRIMARY KEY, username VARCHAR(255) NOT NULL, password VARCHAR(255) NOT NULL)
CREATE TABLE IF NOT EXISTS notes (id CHAR(36) PRIMARY KEY, name VARCHAR(255) NOT NULL, creation_date TIMESTAMP DEFAULT CURRENT_TIMESTAMP, last_updated_date TIMESTAMP DEFAULT CURRENT_TIMESTAMP, content VARCHAR(65535))
DISCONNECT
/*C34*/SET SCHEMA PUBLIC
DELETE FROM USERS WHERE ID='8cc1e758-25ee-464a-a72a-f36d0c28610b'
COMMIT
DISCONNECT
/*C35*/SET SCHEMA PUBLIC
DISCONNECT
/*C36*/SET SCHEMA PUBLIC
INSERT INTO USERS VALUES('d2aaaacb-d075-4d5b-b4d3-2503d5cb5177','JISOO','EZpassword')
COMMIT
DISCONNECT
/*C37*/SET SCHEMA PUBLIC
DISCONNECT
/*C38*/SET SCHEMA PUBLIC
CREATE TABLE IF NOT EXISTS users (id CHAR(36) PRIMARY KEY, username VARCHAR(255) NOT NULL, password VARCHAR(255) NOT NULL)
CREATE TABLE IF NOT EXISTS notes (id CHAR(36) PRIMARY KEY, name VARCHAR(255) NOT NULL, creation_date TIMESTAMP DEFAULT CURRENT_TIMESTAMP, last_updated_date TIMESTAMP DEFAULT CURRENT_TIMESTAMP, content VARCHAR(65535))
DISCONNECT
/*C39*/SET SCHEMA PUBLIC
DELETE FROM USERS WHERE ID='d2aaaacb-d075-4d5b-b4d3-2503d5cb5177'
COMMIT
DISCONNECT
/*C40*/SET SCHEMA PUBLIC
DISCONNECT
/*C41*/SET SCHEMA PUBLIC
INSERT INTO USERS VALUES('0e8d6921-cde0-4c6f-8360-eb647fa4a4a5','JISOO','EZpassword')
COMMIT
DISCONNECT
/*C42*/SET SCHEMA PUBLIC
DELETE FROM USERS WHERE ID='0e8d6921-cde0-4c6f-8360-eb647fa4a4a5'
COMMIT
DISCONNECT
/*C43*/SET SCHEMA PUBLIC
DISCONNECT
